2025-11-03 21:35:26 -0500 - dagster - DEBUG - __ASSET_JOB - ceab36ee-844c-4a61-b89d-e695a9766eb8 - 63498 - LOGS_CAPTURED - Started capturing logs in process (pid: 63498).
2025-11-03 21:35:26 -0500 - dagster - DEBUG - __ASSET_JOB - ceab36ee-844c-4a61-b89d-e695a9766eb8 - 63498 - extract_raw_nabca_brand_leaders - STEP_RESTARTED - Started re-execution (attempt # 4) of step "extract_raw_nabca_brand_leaders".
2025-11-03 21:35:26 -0500 - dagster - INFO - __ASSET_JOB - ceab36ee-844c-4a61-b89d-e695a9766eb8 - extract_raw_nabca_brand_leaders - Starting NABCA extraction for raw_nabca_brand_leaders
2025-11-03 21:35:26 -0500 - dagster - INFO - __ASSET_JOB - ceab36ee-844c-4a61-b89d-e695a9766eb8 - extract_raw_nabca_brand_leaders - Section: Brand Leaders, Pages: 3-4
2025-11-03 21:35:26 -0500 - dagster - ERROR - __ASSET_JOB - ceab36ee-844c-4a61-b89d-e695a9766eb8 - extract_raw_nabca_brand_leaders - NABCA extraction failed: No module named 'lib'
2025-11-03 21:35:26 -0500 - dagster - ERROR - __ASSET_JOB - ceab36ee-844c-4a61-b89d-e695a9766eb8 - extract_raw_nabca_brand_leaders - Traceback (most recent call last):
  File "/Users/ashraykenguntejayachandra/claude-workspace/claude-sandbox/ins-dom/dagster_home/pipelines/raw_nabca_brand_leaders_v1.py", line 50, in extract_raw_nabca_brand_leaders
    from lib.pdf_splitter import extract_pdf_pages
ModuleNotFoundError: No module named 'lib'

2025-11-03 21:35:26 -0500 - dagster - ERROR - __ASSET_JOB - ceab36ee-844c-4a61-b89d-e695a9766eb8 - 63498 - extract_raw_nabca_brand_leaders - STEP_FAILURE - Execution of step "extract_raw_nabca_brand_leaders" failed.

Exceeded max_retries of 3:

ModuleNotFoundError: No module named 'lib'

Stack Trace:
  File "/Users/ashraykenguntejayachandra/claude-workspace/claude-sandbox/ins-dom/venv/lib/python3.12/site-packages/dagster/_core/execution/plan/utils.py", line 57, in op_execution_error_boundary
    yield
  File "/Users/ashraykenguntejayachandra/claude-workspace/claude-sandbox/ins-dom/venv/lib/python3.12/site-packages/dagster/_utils/__init__.py", line 392, in iterate_with_context
    next_output = next(iterator)
                  ^^^^^^^^^^^^^^
  File "/Users/ashraykenguntejayachandra/claude-workspace/claude-sandbox/ins-dom/venv/lib/python3.12/site-packages/dagster/_core/execution/plan/compute_generator.py", line 137, in _coerce_op_compute_fn_to_iterator
    result = invoke_compute_fn(
             ^^^^^^^^^^^^^^^^^^
  File "/Users/ashraykenguntejayachandra/claude-workspace/claude-sandbox/ins-dom/venv/lib/python3.12/site-packages/dagster/_core/execution/plan/compute_generator.py", line 117, in invoke_compute_fn
    return fn(context, **args_to_pass) if context_arg_provided else fn(**args_to_pass)
           ^^^^^^^^^^^^^^^^^^^^^^^^^^^
  File "/Users/ashraykenguntejayachandra/claude-workspace/claude-sandbox/ins-dom/dagster_home/pipelines/raw_nabca_brand_leaders_v1.py", line 50, in extract_raw_nabca_brand_leaders
    from lib.pdf_splitter import extract_pdf_pages

